Analysis & Synthesis report for tomasulim
Fri Oct 12 10:55:25 2018
Quartus II 64-Bit Version 13.0.1 Build 232 06/12/2013 Service Pack 1 SJ Web Edition


---------------------
; Table of Contents ;
---------------------
  1. Legal Notice
  2. Analysis & Synthesis Summary
  3. Analysis & Synthesis Settings
  4. Parallel Compilation
  5. Analysis & Synthesis Source Files Read
  6. Analysis & Synthesis Resource Usage Summary
  7. Analysis & Synthesis Resource Utilization by Entity
  8. Analysis & Synthesis IP Cores Summary
  9. State Machine - |tomasulim|counter
 10. State Machine - |tomasulim|ASRS:Est4|cont
 11. State Machine - |tomasulim|ASRS:Est3|cont
 12. State Machine - |tomasulim|ASRS:Est2|cont
 13. State Machine - |tomasulim|ASRS:Est1|cont
 14. Registers Removed During Synthesis
 15. Removed Registers Triggering Further Register Optimizations
 16. General Register Statistics
 17. Multiplexer Restructuring Statistics (Restructuring Performed)
 18. Source assignments for ram1pm:instrUnit|altsyncram:altsyncram_component|altsyncram_jpe1:auto_generated
 19. Parameter Settings for User Entity Instance: ram1pm:instrUnit|altsyncram:altsyncram_component
 20. altsyncram Parameter Settings by Entity Instance
 21. Port Connectivity Checks: "ASRS:Est4"
 22. Port Connectivity Checks: "ASRS:Est3"
 23. Port Connectivity Checks: "ASRS:Est2"
 24. Port Connectivity Checks: "ASRS:Est1"
 25. Port Connectivity Checks: "registerFile:RF"
 26. Port Connectivity Checks: "instrQueue:iq"
 27. Port Connectivity Checks: "ram1pm:instrUnit"
 28. Elapsed Time Per Partition
 29. Analysis & Synthesis Messages



----------------
; Legal Notice ;
----------------
Copyright (C) 1991-2013 Altera Corporation
Your use of Altera Corporation's design tools, logic functions 
and other software and tools, and its AMPP partner logic 
functions, and any output files from any of the foregoing 
(including device programming or simulation files), and any 
associated documentation or information are expressly subject 
to the terms and conditions of the Altera Program License 
Subscription Agreement, Altera MegaCore Function License 
Agreement, or other applicable license agreement, including, 
without limitation, that your use is for the sole purpose of 
programming logic devices manufactured by Altera and sold by 
Altera or its authorized distributors.  Please refer to the 
applicable agreement for further details.



+--------------------------------------------------------------------------------------+
; Analysis & Synthesis Summary                                                         ;
+------------------------------------+-------------------------------------------------+
; Analysis & Synthesis Status        ; Successful - Fri Oct 12 10:55:25 2018           ;
; Quartus II 64-Bit Version          ; 13.0.1 Build 232 06/12/2013 SP 1 SJ Web Edition ;
; Revision Name                      ; tomasulim                                       ;
; Top-level Entity Name              ; tomasulim                                       ;
; Family                             ; Cyclone II                                      ;
; Total logic elements               ; 0                                               ;
;     Total combinational functions  ; 0                                               ;
;     Dedicated logic registers      ; 0                                               ;
; Total registers                    ; 0                                               ;
; Total pins                         ; 2                                               ;
; Total virtual pins                 ; 0                                               ;
; Total memory bits                  ; 0                                               ;
; Embedded Multiplier 9-bit elements ; 0                                               ;
; Total PLLs                         ; 0                                               ;
+------------------------------------+-------------------------------------------------+


+----------------------------------------------------------------------------------------------------------------------+
; Analysis & Synthesis Settings                                                                                        ;
+----------------------------------------------------------------------------+--------------------+--------------------+
; Option                                                                     ; Setting            ; Default Value      ;
+----------------------------------------------------------------------------+--------------------+--------------------+
; Device                                                                     ; EP2C35F672C6       ;                    ;
; Top-level entity name                                                      ; tomasulim          ; tomasulim          ;
; Family name                                                                ; Cyclone II         ; Cyclone IV GX      ;
; Use smart compilation                                                      ; Off                ; Off                ;
; Enable parallel Assembler and TimeQuest Timing Analyzer during compilation ; On                 ; On                 ;
; Enable compact report table                                                ; Off                ; Off                ;
; Restructure Multiplexers                                                   ; Auto               ; Auto               ;
; Create Debugging Nodes for IP Cores                                        ; Off                ; Off                ;
; Preserve fewer node names                                                  ; On                 ; On                 ;
; Disable OpenCore Plus hardware evaluation                                  ; Off                ; Off                ;
; Verilog Version                                                            ; Verilog_2001       ; Verilog_2001       ;
; VHDL Version                                                               ; VHDL_1993          ; VHDL_1993          ;
; State Machine Processing                                                   ; Auto               ; Auto               ;
; Safe State Machine                                                         ; Off                ; Off                ;
; Extract Verilog State Machines                                             ; On                 ; On                 ;
; Extract VHDL State Machines                                                ; On                 ; On                 ;
; Ignore Verilog initial constructs                                          ; Off                ; Off                ;
; Iteration limit for constant Verilog loops                                 ; 5000               ; 5000               ;
; Iteration limit for non-constant Verilog loops                             ; 250                ; 250                ;
; Add Pass-Through Logic to Inferred RAMs                                    ; On                 ; On                 ;
; Infer RAMs from Raw Logic                                                  ; On                 ; On                 ;
; Parallel Synthesis                                                         ; On                 ; On                 ;
; DSP Block Balancing                                                        ; Auto               ; Auto               ;
; NOT Gate Push-Back                                                         ; On                 ; On                 ;
; Power-Up Don't Care                                                        ; On                 ; On                 ;
; Remove Redundant Logic Cells                                               ; Off                ; Off                ;
; Remove Duplicate Registers                                                 ; On                 ; On                 ;
; Ignore CARRY Buffers                                                       ; Off                ; Off                ;
; Ignore CASCADE Buffers                                                     ; Off                ; Off                ;
; Ignore GLOBAL Buffers                                                      ; Off                ; Off                ;
; Ignore ROW GLOBAL Buffers                                                  ; Off                ; Off                ;
; Ignore LCELL Buffers                                                       ; Off                ; Off                ;
; Ignore SOFT Buffers                                                        ; On                 ; On                 ;
; Limit AHDL Integers to 32 Bits                                             ; Off                ; Off                ;
; Optimization Technique                                                     ; Balanced           ; Balanced           ;
; Carry Chain Length                                                         ; 70                 ; 70                 ;
; Auto Carry Chains                                                          ; On                 ; On                 ;
; Auto Open-Drain Pins                                                       ; On                 ; On                 ;
; Perform WYSIWYG Primitive Resynthesis                                      ; Off                ; Off                ;
; Auto ROM Replacement                                                       ; On                 ; On                 ;
; Auto RAM Replacement                                                       ; On                 ; On                 ;
; Auto Shift Register Replacement                                            ; Auto               ; Auto               ;
; Allow Shift Register Merging across Hierarchies                            ; Auto               ; Auto               ;
; Auto Clock Enable Replacement                                              ; On                 ; On                 ;
; Strict RAM Replacement                                                     ; Off                ; Off                ;
; Allow Synchronous Control Signals                                          ; On                 ; On                 ;
; Force Use of Synchronous Clear Signals                                     ; Off                ; Off                ;
; Auto RAM to Logic Cell Conversion                                          ; Off                ; Off                ;
; Auto Resource Sharing                                                      ; Off                ; Off                ;
; Allow Any RAM Size For Recognition                                         ; Off                ; Off                ;
; Allow Any ROM Size For Recognition                                         ; Off                ; Off                ;
; Allow Any Shift Register Size For Recognition                              ; Off                ; Off                ;
; Use LogicLock Constraints during Resource Balancing                        ; On                 ; On                 ;
; Ignore translate_off and synthesis_off directives                          ; Off                ; Off                ;
; Timing-Driven Synthesis                                                    ; Off                ; Off                ;
; Report Parameter Settings                                                  ; On                 ; On                 ;
; Report Source Assignments                                                  ; On                 ; On                 ;
; Report Connectivity Checks                                                 ; On                 ; On                 ;
; Ignore Maximum Fan-Out Assignments                                         ; Off                ; Off                ;
; Synchronization Register Chain Length                                      ; 2                  ; 2                  ;
; PowerPlay Power Optimization                                               ; Normal compilation ; Normal compilation ;
; HDL message level                                                          ; Level2             ; Level2             ;
; Suppress Register Optimization Related Messages                            ; Off                ; Off                ;
; Number of Removed Registers Reported in Synthesis Report                   ; 5000               ; 5000               ;
; Number of Swept Nodes Reported in Synthesis Report                         ; 5000               ; 5000               ;
; Number of Inverted Registers Reported in Synthesis Report                  ; 100                ; 100                ;
; Clock MUX Protection                                                       ; On                 ; On                 ;
; Auto Gated Clock Conversion                                                ; Off                ; Off                ;
; Block Design Naming                                                        ; Auto               ; Auto               ;
; SDC constraint protection                                                  ; Off                ; Off                ;
; Synthesis Effort                                                           ; Auto               ; Auto               ;
; Shift Register Replacement - Allow Asynchronous Clear Signal               ; On                 ; On                 ;
; Pre-Mapping Resynthesis Optimization                                       ; Off                ; Off                ;
; Analysis & Synthesis Message Level                                         ; Medium             ; Medium             ;
; Disable Register Merging Across Hierarchies                                ; Auto               ; Auto               ;
; Resource Aware Inference For Block RAM                                     ; On                 ; On                 ;
; Synthesis Seed                                                             ; 1                  ; 1                  ;
+----------------------------------------------------------------------------+--------------------+--------------------+


Parallel compilation was disabled, but you have multiple processors available. Enable parallel compilation to reduce compilation time.
+-------------------------------------+
; Parallel Compilation                ;
+----------------------------+--------+
; Processors                 ; Number ;
+----------------------------+--------+
; Number detected on machine ; 8      ;
; Maximum allowed            ; 1      ;
+----------------------------+--------+


+----------------------------------------------------------------------------------------------------------------------------------------------------------------------------------------------------------------------------------------------------------------------------------------------------------+
; Analysis & Synthesis Source Files Read                                                                                                                                                                                                                                                                   ;
+----------------------------------+-----------------+------------------------------+------------------------------------------------------------------------------------------------------------------------------------------------------------------------------------------------------------+---------+
; File Name with User-Entered Path ; Used in Netlist ; File Type                    ; File Name with Absolute Path                                                                                                                                                                               ; Library ;
+----------------------------------+-----------------+------------------------------+------------------------------------------------------------------------------------------------------------------------------------------------------------------------------------------------------------+---------+
; ../src/asrs.v                    ; yes             ; User Verilog HDL File        ; C:/Users/arthu/OneDrive/Documentos/Área de Trabalho/Engenharia de Computação Quarto Período/Laboratório de Arquitetura e Organização de Computadores II/TP3 LAOC II/el-tomasulo/src/asrs.v                 ;         ;
; ../src/program-counter.v         ; yes             ; User Verilog HDL File        ; C:/Users/arthu/OneDrive/Documentos/Área de Trabalho/Engenharia de Computação Quarto Período/Laboratório de Arquitetura e Organização de Computadores II/TP3 LAOC II/el-tomasulo/src/program-counter.v      ;         ;
; ../src/instr-queue.v             ; yes             ; User Verilog HDL File        ; C:/Users/arthu/OneDrive/Documentos/Área de Trabalho/Engenharia de Computação Quarto Período/Laboratório de Arquitetura e Organização de Computadores II/TP3 LAOC II/el-tomasulo/src/instr-queue.v          ;         ;
; ../src/tomasulim.v               ; yes             ; User Verilog HDL File        ; C:/Users/arthu/OneDrive/Documentos/Área de Trabalho/Engenharia de Computação Quarto Período/Laboratório de Arquitetura e Organização de Computadores II/TP3 LAOC II/el-tomasulo/src/tomasulim.v            ;         ;
; ../src/ram1pm.v                  ; yes             ; User Wizard-Generated File   ; C:/Users/arthu/OneDrive/Documentos/Área de Trabalho/Engenharia de Computação Quarto Período/Laboratório de Arquitetura e Organização de Computadores II/TP3 LAOC II/el-tomasulo/src/ram1pm.v               ;         ;
; ../src/instrRegister.v           ; yes             ; User Verilog HDL File        ; C:/Users/arthu/OneDrive/Documentos/Área de Trabalho/Engenharia de Computação Quarto Período/Laboratório de Arquitetura e Organização de Computadores II/TP3 LAOC II/el-tomasulo/src/instrRegister.v        ;         ;
; ../src/register-file.v           ; yes             ; User Verilog HDL File        ; C:/Users/arthu/OneDrive/Documentos/Área de Trabalho/Engenharia de Computação Quarto Período/Laboratório de Arquitetura e Organização de Computadores II/TP3 LAOC II/el-tomasulo/src/register-file.v        ;         ;
; altsyncram.tdf                   ; yes             ; Megafunction                 ; c:/altera/13.0sp1/quartus/libraries/megafunctions/altsyncram.tdf                                                                                                                                           ;         ;
; stratix_ram_block.inc            ; yes             ; Megafunction                 ; c:/altera/13.0sp1/quartus/libraries/megafunctions/stratix_ram_block.inc                                                                                                                                    ;         ;
; lpm_mux.inc                      ; yes             ; Megafunction                 ; c:/altera/13.0sp1/quartus/libraries/megafunctions/lpm_mux.inc                                                                                                                                              ;         ;
; lpm_decode.inc                   ; yes             ; Megafunction                 ; c:/altera/13.0sp1/quartus/libraries/megafunctions/lpm_decode.inc                                                                                                                                           ;         ;
; aglobal130.inc                   ; yes             ; Megafunction                 ; c:/altera/13.0sp1/quartus/libraries/megafunctions/aglobal130.inc                                                                                                                                           ;         ;
; a_rdenreg.inc                    ; yes             ; Megafunction                 ; c:/altera/13.0sp1/quartus/libraries/megafunctions/a_rdenreg.inc                                                                                                                                            ;         ;
; altrom.inc                       ; yes             ; Megafunction                 ; c:/altera/13.0sp1/quartus/libraries/megafunctions/altrom.inc                                                                                                                                               ;         ;
; altram.inc                       ; yes             ; Megafunction                 ; c:/altera/13.0sp1/quartus/libraries/megafunctions/altram.inc                                                                                                                                               ;         ;
; altdpram.inc                     ; yes             ; Megafunction                 ; c:/altera/13.0sp1/quartus/libraries/megafunctions/altdpram.inc                                                                                                                                             ;         ;
; db/altsyncram_jpe1.tdf           ; yes             ; Auto-Generated Megafunction  ; C:/Users/arthu/OneDrive/Documentos/Área de Trabalho/Engenharia de Computação Quarto Período/Laboratório de Arquitetura e Organização de Computadores II/TP3 LAOC II/el-tomasulo/bin/db/altsyncram_jpe1.tdf ;         ;
+----------------------------------+-----------------+------------------------------+------------------------------------------------------------------------------------------------------------------------------------------------------------------------------------------------------------+---------+


+-----------------------------------------------------+
; Analysis & Synthesis Resource Usage Summary         ;
+---------------------------------------------+-------+
; Resource                                    ; Usage ;
+---------------------------------------------+-------+
;                                             ;       ;
; Total combinational functions               ; 0     ;
; Logic element usage by number of LUT inputs ;       ;
;     -- 4 input functions                    ; 0     ;
;     -- 3 input functions                    ; 0     ;
;     -- <=2 input functions                  ; 0     ;
;                                             ;       ;
; Logic elements by mode                      ;       ;
;     -- normal mode                          ; 0     ;
;     -- arithmetic mode                      ; 0     ;
;                                             ;       ;
; Total registers                             ; 0     ;
;     -- Dedicated logic registers            ; 0     ;
;     -- I/O registers                        ; 0     ;
;                                             ;       ;
; I/O pins                                    ; 2     ;
; Embedded Multiplier 9-bit elements          ; 0     ;
+---------------------------------------------+-------+


+-----------------------------------------------------------------------------------------------------------------------------------------------------------------------------+
; Analysis & Synthesis Resource Utilization by Entity                                                                                                                         ;
+----------------------------+-------------------+--------------+-------------+--------------+---------+-----------+------+--------------+---------------------+--------------+
; Compilation Hierarchy Node ; LC Combinationals ; LC Registers ; Memory Bits ; DSP Elements ; DSP 9x9 ; DSP 18x18 ; Pins ; Virtual Pins ; Full Hierarchy Name ; Library Name ;
+----------------------------+-------------------+--------------+-------------+--------------+---------+-----------+------+--------------+---------------------+--------------+
; |tomasulim                 ; 0 (0)             ; 0 (0)        ; 0           ; 0            ; 0       ; 0         ; 2    ; 0            ; |tomasulim          ; work         ;
+----------------------------+-------------------+--------------+-------------+--------------+---------+-----------+------+--------------+---------------------+--------------+
Note: For table entries with two numbers listed, the numbers in parentheses indicate the number of resources of the given type used by the specific entity alone. The numbers listed outside of parentheses indicate the total resources of the given type used by the specific entity and all of its sub-entities in the hierarchy.


+--------------------------------------------------------------------------------------------------------------------------------------------------------------------------------------------------------------------------------------------------------------------------------------------+
; Analysis & Synthesis IP Cores Summary                                                                                                                                                                                                                                                      ;
+--------+--------------+---------+--------------+--------------+-----------------------------+----------------------------------------------------------------------------------------------------------------------------------------------------------------------------------------------+
; Vendor ; IP Core Name ; Version ; Release Date ; License Type ; Entity Instance             ; IP Include File                                                                                                                                                                              ;
+--------+--------------+---------+--------------+--------------+-----------------------------+----------------------------------------------------------------------------------------------------------------------------------------------------------------------------------------------+
; Altera ; RAM: 1-PORT  ; 13.0    ; N/A          ; N/A          ; |tomasulim|ram1pm:instrUnit ; C:/Users/arthu/OneDrive/Documentos/Área de Trabalho/Engenharia de Computação Quarto Período/Laboratório de Arquitetura e Organização de Computadores II/TP3 LAOC II/el-tomasulo/src/ram1pm.v ;
+--------+--------------+---------+--------------+--------------+-----------------------------+----------------------------------------------------------------------------------------------------------------------------------------------------------------------------------------------+


Encoding Type:  One-Hot
+---------------------------------------------------------------------------------------------------------------+
; State Machine - |tomasulim|counter                                                                            ;
+-------------+-------------+-------------+-------------+-------------+-------------+-------------+-------------+
; Name        ; counter.110 ; counter.101 ; counter.100 ; counter.011 ; counter.010 ; counter.001 ; counter.000 ;
+-------------+-------------+-------------+-------------+-------------+-------------+-------------+-------------+
; counter.000 ; 0           ; 0           ; 0           ; 0           ; 0           ; 0           ; 0           ;
; counter.001 ; 0           ; 0           ; 0           ; 0           ; 0           ; 1           ; 1           ;
; counter.010 ; 0           ; 0           ; 0           ; 0           ; 1           ; 0           ; 1           ;
; counter.011 ; 0           ; 0           ; 0           ; 1           ; 0           ; 0           ; 1           ;
; counter.100 ; 0           ; 0           ; 1           ; 0           ; 0           ; 0           ; 1           ;
; counter.101 ; 0           ; 1           ; 0           ; 0           ; 0           ; 0           ; 1           ;
; counter.110 ; 1           ; 0           ; 0           ; 0           ; 0           ; 0           ; 1           ;
+-------------+-------------+-------------+-------------+-------------+-------------+-------------+-------------+


Encoding Type:  One-Hot
+-------------------------------------------+
; State Machine - |tomasulim|ASRS:Est4|cont ;
+---------+---------+---------+-------------+
; Name    ; cont.00 ; cont.10 ; cont.01     ;
+---------+---------+---------+-------------+
; cont.00 ; 0       ; 0       ; 0           ;
; cont.01 ; 1       ; 0       ; 1           ;
; cont.10 ; 1       ; 1       ; 0           ;
+---------+---------+---------+-------------+


Encoding Type:  One-Hot
+-------------------------------------------+
; State Machine - |tomasulim|ASRS:Est3|cont ;
+---------+---------+---------+-------------+
; Name    ; cont.00 ; cont.10 ; cont.01     ;
+---------+---------+---------+-------------+
; cont.00 ; 0       ; 0       ; 0           ;
; cont.01 ; 1       ; 0       ; 1           ;
; cont.10 ; 1       ; 1       ; 0           ;
+---------+---------+---------+-------------+


Encoding Type:  One-Hot
+-------------------------------------------+
; State Machine - |tomasulim|ASRS:Est2|cont ;
+---------+---------+---------+-------------+
; Name    ; cont.00 ; cont.10 ; cont.01     ;
+---------+---------+---------+-------------+
; cont.00 ; 0       ; 0       ; 0           ;
; cont.01 ; 1       ; 0       ; 1           ;
; cont.10 ; 1       ; 1       ; 0           ;
+---------+---------+---------+-------------+


Encoding Type:  One-Hot
+-------------------------------------------+
; State Machine - |tomasulim|ASRS:Est1|cont ;
+---------+---------+---------+-------------+
; Name    ; cont.00 ; cont.10 ; cont.01     ;
+---------+---------+---------+-------------+
; cont.00 ; 0       ; 0       ; 0           ;
; cont.01 ; 1       ; 0       ; 1           ;
; cont.10 ; 1       ; 1       ; 0           ;
+---------+---------+---------+-------------+


+--------------------------------------------------------------+
; Registers Removed During Synthesis                           ;
+-----------------------------------------+--------------------+
; Register name                           ; Reason for Removal ;
+-----------------------------------------+--------------------+
; counter~11                              ; Lost fanout        ;
; counter~12                              ; Lost fanout        ;
; counter~13                              ; Lost fanout        ;
; ASRS:Est4|busy                          ; Lost fanout        ;
; ASRS:Est1|busy                          ; Lost fanout        ;
; ASRS:Est2|busy                          ; Lost fanout        ;
; ASRS:Est3|busy                          ; Lost fanout        ;
; ASRS:Est4|Qj[0..2]                      ; Lost fanout        ;
; ASRS:Est4|Qk[0..2]                      ; Lost fanout        ;
; start[4]                                ; Lost fanout        ;
; ASRS:Est3|Qj[0..2]                      ; Lost fanout        ;
; ASRS:Est3|Qk[0..2]                      ; Lost fanout        ;
; start[3]                                ; Lost fanout        ;
; ASRS:Est2|Qj[0..2]                      ; Lost fanout        ;
; ASRS:Est2|Qk[0..2]                      ; Lost fanout        ;
; start[2]                                ; Lost fanout        ;
; ASRS:Est1|Qj[0..2]                      ; Lost fanout        ;
; ASRS:Est1|Qk[0..2]                      ; Lost fanout        ;
; start[1]                                ; Lost fanout        ;
; registerFile:RF|depR0[0..2]             ; Lost fanout        ;
; registerFile:RF|depR1[0..2]             ; Lost fanout        ;
; numR0[0,1]                              ; Lost fanout        ;
; depW[2]                                 ; Lost fanout        ;
; registerFile:RF|depRegs[0][2]           ; Lost fanout        ;
; numW[0..2]                              ; Lost fanout        ;
; wren                                    ; Lost fanout        ;
; registerFile:RF|depRegs[1][2]           ; Lost fanout        ;
; registerFile:RF|depRegs[2][2]           ; Lost fanout        ;
; registerFile:RF|depRegs[3][2]           ; Lost fanout        ;
; numR0[2]                                ; Lost fanout        ;
; registerFile:RF|depRegs[4][2]           ; Lost fanout        ;
; registerFile:RF|depRegs[5][2]           ; Lost fanout        ;
; registerFile:RF|depRegs[6][2]           ; Lost fanout        ;
; registerFile:RF|depRegs[7][2]           ; Lost fanout        ;
; depW[1]                                 ; Lost fanout        ;
; registerFile:RF|depRegs[0][1]           ; Lost fanout        ;
; registerFile:RF|depRegs[1][1]           ; Lost fanout        ;
; registerFile:RF|depRegs[2][1]           ; Lost fanout        ;
; registerFile:RF|depRegs[3][1]           ; Lost fanout        ;
; registerFile:RF|depRegs[4][1]           ; Lost fanout        ;
; registerFile:RF|depRegs[5][1]           ; Lost fanout        ;
; registerFile:RF|depRegs[6][1]           ; Lost fanout        ;
; registerFile:RF|depRegs[7][1]           ; Lost fanout        ;
; depW[0]                                 ; Lost fanout        ;
; registerFile:RF|depRegs[0][0]           ; Lost fanout        ;
; registerFile:RF|depRegs[1][0]           ; Lost fanout        ;
; registerFile:RF|depRegs[2][0]           ; Lost fanout        ;
; registerFile:RF|depRegs[3][0]           ; Lost fanout        ;
; registerFile:RF|depRegs[4][0]           ; Lost fanout        ;
; registerFile:RF|depRegs[5][0]           ; Lost fanout        ;
; registerFile:RF|depRegs[6][0]           ; Lost fanout        ;
; registerFile:RF|depRegs[7][0]           ; Lost fanout        ;
; numR1[0..2]                             ; Lost fanout        ;
; instrRegister:IR|instrOut[3..8]         ; Lost fanout        ;
; instrQueue:iq|instrOut[3]               ; Lost fanout        ;
; IRin                                    ; Lost fanout        ;
; instrQueue:iq|instrOut[4..8]            ; Lost fanout        ;
; rtr                                     ; Lost fanout        ;
; instrQueue:iq|frente[0]                 ; Lost fanout        ;
; instrQueue:iq|tras[0]                   ; Lost fanout        ;
; instrQueue:iq|frente[1]                 ; Lost fanout        ;
; instrQueue:iq|tras[1]                   ; Lost fanout        ;
; instrQueue:iq|frente[2]                 ; Lost fanout        ;
; instrQueue:iq|tras[2]                   ; Lost fanout        ;
; adc                                     ; Lost fanout        ;
; instrQueue:iq|iValid[0..7]              ; Lost fanout        ;
; programCounter:pc|addrOut[0..4]         ; Lost fanout        ;
; counter.000                             ; Lost fanout        ;
; counter.001                             ; Lost fanout        ;
; counter.010                             ; Lost fanout        ;
; counter.011                             ; Lost fanout        ;
; counter.100                             ; Lost fanout        ;
; counter.101                             ; Lost fanout        ;
; counter.110                             ; Lost fanout        ;
; ASRS:Est4|cont.01                       ; Lost fanout        ;
; ASRS:Est4|cont.10                       ; Lost fanout        ;
; ASRS:Est4|cont.00                       ; Lost fanout        ;
; ASRS:Est3|cont.01                       ; Lost fanout        ;
; ASRS:Est3|cont.10                       ; Lost fanout        ;
; ASRS:Est3|cont.00                       ; Lost fanout        ;
; ASRS:Est2|cont.01                       ; Lost fanout        ;
; ASRS:Est2|cont.10                       ; Lost fanout        ;
; ASRS:Est2|cont.00                       ; Lost fanout        ;
; ASRS:Est1|cont.01                       ; Lost fanout        ;
; ASRS:Est1|cont.10                       ; Lost fanout        ;
; ASRS:Est1|cont.00                       ; Lost fanout        ;
; Total Number of Removed Registers = 131 ;                    ;
+-----------------------------------------+--------------------+


+--------------------------------------------------------------------------------------------------------------------------------+
; Removed Registers Triggering Further Register Optimizations                                                                    ;
+-----------------+--------------------+-----------------------------------------------------------------------------------------+
; Register name   ; Reason for Removal ; Registers Removed due to This Register                                                  ;
+-----------------+--------------------+-----------------------------------------------------------------------------------------+
; ASRS:Est4|Qj[2] ; Lost Fanouts       ; ASRS:Est4|Qj[1], ASRS:Est4|Qj[0], ASRS:Est4|Qk[2], ASRS:Est4|Qk[1], ASRS:Est4|Qk[0],    ;
;                 ;                    ; registerFile:RF|depR0[2], registerFile:RF|depR0[1], registerFile:RF|depR0[0],           ;
;                 ;                    ; registerFile:RF|depR1[2], registerFile:RF|depR1[1], registerFile:RF|depR1[0], numR0[0], ;
;                 ;                    ; numR0[1], depW[2], registerFile:RF|depRegs[0][2], numW[2], numW[1], numW[0], wren,      ;
;                 ;                    ; registerFile:RF|depRegs[1][2], registerFile:RF|depRegs[2][2],                           ;
;                 ;                    ; registerFile:RF|depRegs[3][2], numR0[2], depW[1], registerFile:RF|depRegs[0][1],        ;
;                 ;                    ; registerFile:RF|depRegs[1][1], registerFile:RF|depRegs[2][1],                           ;
;                 ;                    ; registerFile:RF|depRegs[3][1], depW[0], registerFile:RF|depRegs[0][0],                  ;
;                 ;                    ; registerFile:RF|depRegs[1][0], registerFile:RF|depRegs[2][0],                           ;
;                 ;                    ; registerFile:RF|depRegs[3][0], numR1[0], numR1[1], numR1[2],                            ;
;                 ;                    ; instrRegister:IR|instrOut[3], instrRegister:IR|instrOut[4],                             ;
;                 ;                    ; instrRegister:IR|instrOut[5], instrRegister:IR|instrOut[6],                             ;
;                 ;                    ; instrRegister:IR|instrOut[7], instrRegister:IR|instrOut[8],                             ;
;                 ;                    ; instrQueue:iq|instrOut[3], IRin, instrQueue:iq|instrOut[4], instrQueue:iq|instrOut[5],  ;
;                 ;                    ; instrQueue:iq|instrOut[6], instrQueue:iq|instrOut[7], instrQueue:iq|instrOut[8], rtr,   ;
;                 ;                    ; instrQueue:iq|frente[0], instrQueue:iq|tras[0], instrQueue:iq|frente[1],                ;
;                 ;                    ; instrQueue:iq|tras[1], instrQueue:iq|frente[2], instrQueue:iq|tras[2], adc,             ;
;                 ;                    ; instrQueue:iq|iValid[7], instrQueue:iq|iValid[6], instrQueue:iq|iValid[5],              ;
;                 ;                    ; instrQueue:iq|iValid[4], instrQueue:iq|iValid[3], instrQueue:iq|iValid[2],              ;
;                 ;                    ; instrQueue:iq|iValid[1], programCounter:pc|addrOut[0], programCounter:pc|addrOut[1],    ;
;                 ;                    ; programCounter:pc|addrOut[2], programCounter:pc|addrOut[3],                             ;
;                 ;                    ; programCounter:pc|addrOut[4], ASRS:Est4|cont.01, ASRS:Est4|cont.10                      ;
; counter~11      ; Lost Fanouts       ; ASRS:Est4|busy, start[4], counter.000, counter.010, counter.100, counter.101,           ;
;                 ;                    ; ASRS:Est4|cont.00                                                                       ;
; ASRS:Est3|Qj[2] ; Lost Fanouts       ; ASRS:Est3|Qj[1], ASRS:Est3|Qj[0], ASRS:Est3|Qk[2], ASRS:Est3|Qk[1], ASRS:Est3|Qk[0],    ;
;                 ;                    ; ASRS:Est3|cont.01, ASRS:Est3|cont.10                                                    ;
; ASRS:Est2|Qj[2] ; Lost Fanouts       ; ASRS:Est2|Qj[1], ASRS:Est2|Qj[0], ASRS:Est2|Qk[2], ASRS:Est2|Qk[1], ASRS:Est2|Qk[0],    ;
;                 ;                    ; ASRS:Est2|cont.01, ASRS:Est2|cont.10                                                    ;
; ASRS:Est1|Qj[2] ; Lost Fanouts       ; ASRS:Est1|Qj[1], ASRS:Est1|Qj[0], ASRS:Est1|Qk[2], ASRS:Est1|Qk[1], ASRS:Est1|Qk[0],    ;
;                 ;                    ; ASRS:Est1|cont.01, ASRS:Est1|cont.10                                                    ;
; counter~12      ; Lost Fanouts       ; counter.001, counter.110                                                                ;
; ASRS:Est1|busy  ; Lost Fanouts       ; start[1], ASRS:Est1|cont.00                                                             ;
; ASRS:Est2|busy  ; Lost Fanouts       ; start[2], ASRS:Est2|cont.00                                                             ;
; ASRS:Est3|busy  ; Lost Fanouts       ; start[3], ASRS:Est3|cont.00                                                             ;
; counter~13      ; Lost Fanouts       ; counter.011                                                                             ;
+-----------------+--------------------+-----------------------------------------------------------------------------------------+


+------------------------------------------------------+
; General Register Statistics                          ;
+----------------------------------------------+-------+
; Statistic                                    ; Value ;
+----------------------------------------------+-------+
; Total registers                              ; 0     ;
; Number of registers using Synchronous Clear  ; 0     ;
; Number of registers using Synchronous Load   ; 0     ;
; Number of registers using Asynchronous Clear ; 0     ;
; Number of registers using Asynchronous Load  ; 0     ;
; Number of registers using Clock Enable       ; 0     ;
; Number of registers using Preset             ; 0     ;
+----------------------------------------------+-------+


+--------------------------------------------------------------------------------------------------------------------------------------------------+
; Multiplexer Restructuring Statistics (Restructuring Performed)                                                                                   ;
+--------------------+-----------+---------------+----------------------+------------------------+------------+------------------------------------+
; Multiplexer Inputs ; Bus Width ; Baseline Area ; Area if Restructured ; Saving if Restructured ; Registered ; Example Multiplexer Output         ;
+--------------------+-----------+---------------+----------------------+------------------------+------------+------------------------------------+
; 5:1                ; 3 bits    ; 9 LEs         ; 6 LEs                ; 3 LEs                  ; Yes        ; |tomasulim|depW[1]                 ;
; 5:1                ; 3 bits    ; 9 LEs         ; 0 LEs                ; 9 LEs                  ; Yes        ; |tomasulim|numW[1]                 ;
; 6:1                ; 3 bits    ; 12 LEs        ; 3 LEs                ; 9 LEs                  ; Yes        ; |tomasulim|ASRS:Est4|Qj[1]         ;
; 6:1                ; 3 bits    ; 12 LEs        ; 3 LEs                ; 9 LEs                  ; Yes        ; |tomasulim|ASRS:Est4|Qk[2]         ;
; 6:1                ; 3 bits    ; 12 LEs        ; 3 LEs                ; 9 LEs                  ; Yes        ; |tomasulim|ASRS:Est3|Qj[1]         ;
; 6:1                ; 3 bits    ; 12 LEs        ; 3 LEs                ; 9 LEs                  ; Yes        ; |tomasulim|ASRS:Est3|Qk[2]         ;
; 6:1                ; 3 bits    ; 12 LEs        ; 3 LEs                ; 9 LEs                  ; Yes        ; |tomasulim|ASRS:Est2|Qj[1]         ;
; 6:1                ; 3 bits    ; 12 LEs        ; 3 LEs                ; 9 LEs                  ; Yes        ; |tomasulim|ASRS:Est2|Qk[2]         ;
; 6:1                ; 3 bits    ; 12 LEs        ; 3 LEs                ; 9 LEs                  ; Yes        ; |tomasulim|ASRS:Est1|Qj[2]         ;
; 6:1                ; 3 bits    ; 12 LEs        ; 3 LEs                ; 9 LEs                  ; Yes        ; |tomasulim|ASRS:Est1|Qk[2]         ;
; 3:1                ; 3 bits    ; 6 LEs         ; 3 LEs                ; 3 LEs                  ; No         ; |tomasulim|registerFile:RF|depRegs ;
; 3:1                ; 3 bits    ; 6 LEs         ; 3 LEs                ; 3 LEs                  ; No         ; |tomasulim|registerFile:RF|depRegs ;
; 3:1                ; 3 bits    ; 6 LEs         ; 3 LEs                ; 3 LEs                  ; No         ; |tomasulim|registerFile:RF|depRegs ;
; 3:1                ; 3 bits    ; 6 LEs         ; 3 LEs                ; 3 LEs                  ; No         ; |tomasulim|registerFile:RF|depRegs ;
; 3:1                ; 3 bits    ; 6 LEs         ; 3 LEs                ; 3 LEs                  ; No         ; |tomasulim|registerFile:RF|depRegs ;
; 3:1                ; 3 bits    ; 6 LEs         ; 3 LEs                ; 3 LEs                  ; No         ; |tomasulim|registerFile:RF|depRegs ;
; 3:1                ; 3 bits    ; 6 LEs         ; 3 LEs                ; 3 LEs                  ; No         ; |tomasulim|registerFile:RF|depRegs ;
; 3:1                ; 3 bits    ; 6 LEs         ; 3 LEs                ; 3 LEs                  ; No         ; |tomasulim|registerFile:RF|depRegs ;
; 8:1                ; 3 bits    ; 15 LEs        ; 15 LEs               ; 0 LEs                  ; No         ; |tomasulim|registerFile:RF|Mux2    ;
; 8:1                ; 3 bits    ; 15 LEs        ; 15 LEs               ; 0 LEs                  ; No         ; |tomasulim|registerFile:RF|Mux20   ;
; 5:1                ; 3 bits    ; 9 LEs         ; 3 LEs                ; 6 LEs                  ; No         ; |tomasulim|counter                 ;
; 5:1                ; 3 bits    ; 9 LEs         ; 6 LEs                ; 3 LEs                  ; No         ; |tomasulim|ASRS:Est4|Selector44    ;
; 5:1                ; 3 bits    ; 9 LEs         ; 6 LEs                ; 3 LEs                  ; No         ; |tomasulim|ASRS:Est3|Selector44    ;
; 5:1                ; 3 bits    ; 9 LEs         ; 6 LEs                ; 3 LEs                  ; No         ; |tomasulim|ASRS:Est2|Selector43    ;
; 5:1                ; 3 bits    ; 9 LEs         ; 6 LEs                ; 3 LEs                  ; No         ; |tomasulim|ASRS:Est1|Selector43    ;
+--------------------+-----------+---------------+----------------------+------------------------+------------+------------------------------------+


+--------------------------------------------------------------------------------------------------------+
; Source assignments for ram1pm:instrUnit|altsyncram:altsyncram_component|altsyncram_jpe1:auto_generated ;
+---------------------------------+--------------------+------+------------------------------------------+
; Assignment                      ; Value              ; From ; To                                       ;
+---------------------------------+--------------------+------+------------------------------------------+
; OPTIMIZE_POWER_DURING_SYNTHESIS ; NORMAL_COMPILATION ; -    ; -                                        ;
+---------------------------------+--------------------+------+------------------------------------------+


+-----------------------------------------------------------------------------------------------+
; Parameter Settings for User Entity Instance: ram1pm:instrUnit|altsyncram:altsyncram_component ;
+------------------------------------+----------------------+-----------------------------------+
; Parameter Name                     ; Value                ; Type                              ;
+------------------------------------+----------------------+-----------------------------------+
; BYTE_SIZE_BLOCK                    ; 8                    ; Untyped                           ;
; AUTO_CARRY_CHAINS                  ; ON                   ; AUTO_CARRY                        ;
; IGNORE_CARRY_BUFFERS               ; OFF                  ; IGNORE_CARRY                      ;
; AUTO_CASCADE_CHAINS                ; ON                   ; AUTO_CASCADE                      ;
; IGNORE_CASCADE_BUFFERS             ; OFF                  ; IGNORE_CASCADE                    ;
; WIDTH_BYTEENA                      ; 1                    ; Untyped                           ;
; OPERATION_MODE                     ; SINGLE_PORT          ; Untyped                           ;
; WIDTH_A                            ; 16                   ; Signed Integer                    ;
; WIDTHAD_A                          ; 5                    ; Signed Integer                    ;
; NUMWORDS_A                         ; 32                   ; Signed Integer                    ;
; OUTDATA_REG_A                      ; UNREGISTERED         ; Untyped                           ;
; ADDRESS_ACLR_A                     ; NONE                 ; Untyped                           ;
; OUTDATA_ACLR_A                     ; NONE                 ; Untyped                           ;
; WRCONTROL_ACLR_A                   ; NONE                 ; Untyped                           ;
; INDATA_ACLR_A                      ; NONE                 ; Untyped                           ;
; BYTEENA_ACLR_A                     ; NONE                 ; Untyped                           ;
; WIDTH_B                            ; 1                    ; Untyped                           ;
; WIDTHAD_B                          ; 1                    ; Untyped                           ;
; NUMWORDS_B                         ; 1                    ; Untyped                           ;
; INDATA_REG_B                       ; CLOCK1               ; Untyped                           ;
; WRCONTROL_WRADDRESS_REG_B          ; CLOCK1               ; Untyped                           ;
; RDCONTROL_REG_B                    ; CLOCK1               ; Untyped                           ;
; ADDRESS_REG_B                      ; CLOCK1               ; Untyped                           ;
; OUTDATA_REG_B                      ; UNREGISTERED         ; Untyped                           ;
; BYTEENA_REG_B                      ; CLOCK1               ; Untyped                           ;
; INDATA_ACLR_B                      ; NONE                 ; Untyped                           ;
; WRCONTROL_ACLR_B                   ; NONE                 ; Untyped                           ;
; ADDRESS_ACLR_B                     ; NONE                 ; Untyped                           ;
; OUTDATA_ACLR_B                     ; NONE                 ; Untyped                           ;
; RDCONTROL_ACLR_B                   ; NONE                 ; Untyped                           ;
; BYTEENA_ACLR_B                     ; NONE                 ; Untyped                           ;
; WIDTH_BYTEENA_A                    ; 1                    ; Signed Integer                    ;
; WIDTH_BYTEENA_B                    ; 1                    ; Untyped                           ;
; RAM_BLOCK_TYPE                     ; M4K                  ; Untyped                           ;
; BYTE_SIZE                          ; 8                    ; Untyped                           ;
; READ_DURING_WRITE_MODE_MIXED_PORTS ; DONT_CARE            ; Untyped                           ;
; READ_DURING_WRITE_MODE_PORT_A      ; NEW_DATA_NO_NBE_READ ; Untyped                           ;
; READ_DURING_WRITE_MODE_PORT_B      ; NEW_DATA_NO_NBE_READ ; Untyped                           ;
; INIT_FILE                          ; memory.mif           ; Untyped                           ;
; INIT_FILE_LAYOUT                   ; PORT_A               ; Untyped                           ;
; MAXIMUM_DEPTH                      ; 0                    ; Untyped                           ;
; CLOCK_ENABLE_INPUT_A               ; BYPASS               ; Untyped                           ;
; CLOCK_ENABLE_INPUT_B               ; NORMAL               ; Untyped                           ;
; CLOCK_ENABLE_OUTPUT_A              ; BYPASS               ; Untyped                           ;
; CLOCK_ENABLE_OUTPUT_B              ; NORMAL               ; Untyped                           ;
; CLOCK_ENABLE_CORE_A                ; USE_INPUT_CLKEN      ; Untyped                           ;
; CLOCK_ENABLE_CORE_B                ; USE_INPUT_CLKEN      ; Untyped                           ;
; ENABLE_ECC                         ; FALSE                ; Untyped                           ;
; ECC_PIPELINE_STAGE_ENABLED         ; FALSE                ; Untyped                           ;
; WIDTH_ECCSTATUS                    ; 3                    ; Untyped                           ;
; DEVICE_FAMILY                      ; Cyclone II           ; Untyped                           ;
; CBXI_PARAMETER                     ; altsyncram_jpe1      ; Untyped                           ;
+------------------------------------+----------------------+-----------------------------------+
Note: In order to hide this table in the UI and the text report file, please set the "Show Parameter Settings in Synthesis Report" option in "Analysis and Synthesis Settings -> More Settings" to "Off".


+----------------------------------------------------------------------------------------------+
; altsyncram Parameter Settings by Entity Instance                                             ;
+-------------------------------------------+--------------------------------------------------+
; Name                                      ; Value                                            ;
+-------------------------------------------+--------------------------------------------------+
; Number of entity instances                ; 1                                                ;
; Entity Instance                           ; ram1pm:instrUnit|altsyncram:altsyncram_component ;
;     -- OPERATION_MODE                     ; SINGLE_PORT                                      ;
;     -- WIDTH_A                            ; 16                                               ;
;     -- NUMWORDS_A                         ; 32                                               ;
;     -- OUTDATA_REG_A                      ; UNREGISTERED                                     ;
;     -- WIDTH_B                            ; 1                                                ;
;     -- NUMWORDS_B                         ; 1                                                ;
;     -- ADDRESS_REG_B                      ; CLOCK1                                           ;
;     -- OUTDATA_REG_B                      ; UNREGISTERED                                     ;
;     -- RAM_BLOCK_TYPE                     ; M4K                                              ;
;     -- READ_DURING_WRITE_MODE_MIXED_PORTS ; DONT_CARE                                        ;
+-------------------------------------------+--------------------------------------------------+


+-----------------------------------------------+
; Port Connectivity Checks: "ASRS:Est4"         ;
+-------------+-------+----------+--------------+
; Port        ; Type  ; Severity ; Details      ;
+-------------+-------+----------+--------------+
; ID_in[1..0] ; Input ; Info     ; Stuck at GND ;
; ID_in[2]    ; Input ; Info     ; Stuck at VCC ;
+-------------+-------+----------+--------------+


+-----------------------------------------------+
; Port Connectivity Checks: "ASRS:Est3"         ;
+-------------+-------+----------+--------------+
; Port        ; Type  ; Severity ; Details      ;
+-------------+-------+----------+--------------+
; ID_in[1..0] ; Input ; Info     ; Stuck at VCC ;
; ID_in[2]    ; Input ; Info     ; Stuck at GND ;
+-------------+-------+----------+--------------+


+--------------------------------------------+
; Port Connectivity Checks: "ASRS:Est2"      ;
+----------+-------+----------+--------------+
; Port     ; Type  ; Severity ; Details      ;
+----------+-------+----------+--------------+
; ID_in[2] ; Input ; Info     ; Stuck at GND ;
; ID_in[1] ; Input ; Info     ; Stuck at VCC ;
; ID_in[0] ; Input ; Info     ; Stuck at GND ;
+----------+-------+----------+--------------+


+-----------------------------------------------------------------------------------------------------------------------+
; Port Connectivity Checks: "ASRS:Est1"                                                                                 ;
+-------------+--------+----------+-------------------------------------------------------------------------------------+
; Port        ; Type   ; Severity ; Details                                                                             ;
+-------------+--------+----------+-------------------------------------------------------------------------------------+
; ID_in[2..1] ; Input  ; Info     ; Stuck at GND                                                                        ;
; ID_in[0]    ; Input  ; Info     ; Stuck at VCC                                                                        ;
; Valor1      ; Output ; Info     ; Connected to dangling logic. Logic that only feeds a dangling port will be removed. ;
; Valor2      ; Output ; Info     ; Connected to dangling logic. Logic that only feeds a dangling port will be removed. ;
; OP          ; Output ; Info     ; Connected to dangling logic. Logic that only feeds a dangling port will be removed. ;
; despacho    ; Output ; Info     ; Connected to dangling logic. Logic that only feeds a dangling port will be removed. ;
; ID_out      ; Output ; Info     ; Connected to dangling logic. Logic that only feeds a dangling port will be removed. ;
+-------------+--------+----------+-------------------------------------------------------------------------------------+


+---------------------------------------------+
; Port Connectivity Checks: "registerFile:RF" ;
+-------+-------+----------+------------------+
; Port  ; Type  ; Severity ; Details          ;
+-------+-------+----------+------------------+
; dataW ; Input ; Info     ; Stuck at GND     ;
+-------+-------+----------+------------------+


+-----------------------------------------------------------------------------------------------------------------+
; Port Connectivity Checks: "instrQueue:iq"                                                                       ;
+-------+--------+----------+-------------------------------------------------------------------------------------+
; Port  ; Type   ; Severity ; Details                                                                             ;
+-------+--------+----------+-------------------------------------------------------------------------------------+
; vazio ; Output ; Info     ; Connected to dangling logic. Logic that only feeds a dangling port will be removed. ;
+-------+--------+----------+-------------------------------------------------------------------------------------+


+----------------------------------------------+
; Port Connectivity Checks: "ram1pm:instrUnit" ;
+------+-------+----------+--------------------+
; Port ; Type  ; Severity ; Details            ;
+------+-------+----------+--------------------+
; data ; Input ; Info     ; Stuck at GND       ;
; wren ; Input ; Info     ; Stuck at GND       ;
+------+-------+----------+--------------------+


+-------------------------------+
; Elapsed Time Per Partition    ;
+----------------+--------------+
; Partition Name ; Elapsed Time ;
+----------------+--------------+
; Top            ; 00:00:00     ;
+----------------+--------------+


+-------------------------------+
; Analysis & Synthesis Messages ;
+-------------------------------+
Info: *******************************************************************
Info: Running Quartus II 64-Bit Analysis & Synthesis
    Info: Version 13.0.1 Build 232 06/12/2013 Service Pack 1 SJ Web Edition
    Info: Processing started: Fri Oct 12 10:55:24 2018
Info: Command: quartus_map --read_settings_files=on --write_settings_files=off tomasulim -c tomasulim
Warning (20028): Parallel compilation is not licensed and has been disabled
Info (12021): Found 1 design units, including 1 entities, in source file /users/arthu/onedrive/documentos/Área de trabalho/engenharia de computação quarto período/laboratório de arquitetura e organização de computadores ii/tp3 laoc ii/el-tomasulo/src/asrs.v
    Info (12023): Found entity 1: ASRS
Info (12021): Found 1 design units, including 1 entities, in source file /users/arthu/onedrive/documentos/Área de trabalho/engenharia de computação quarto período/laboratório de arquitetura e organização de computadores ii/tp3 laoc ii/el-tomasulo/src/program-counter.v
    Info (12023): Found entity 1: programCounter
Info (12021): Found 1 design units, including 1 entities, in source file /users/arthu/onedrive/documentos/Área de trabalho/engenharia de computação quarto período/laboratório de arquitetura e organização de computadores ii/tp3 laoc ii/el-tomasulo/src/instr-queue.v
    Info (12023): Found entity 1: instrQueue
Info (12021): Found 1 design units, including 1 entities, in source file /users/arthu/onedrive/documentos/Área de trabalho/engenharia de computação quarto período/laboratório de arquitetura e organização de computadores ii/tp3 laoc ii/el-tomasulo/src/tomasulim.v
    Info (12023): Found entity 1: tomasulim
Info (12021): Found 1 design units, including 1 entities, in source file /users/arthu/onedrive/documentos/Área de trabalho/engenharia de computação quarto período/laboratório de arquitetura e organização de computadores ii/tp3 laoc ii/el-tomasulo/src/ram1pm.v
    Info (12023): Found entity 1: ram1pm
Info (12021): Found 1 design units, including 1 entities, in source file /users/arthu/onedrive/documentos/Área de trabalho/engenharia de computação quarto período/laboratório de arquitetura e organização de computadores ii/tp3 laoc ii/el-tomasulo/src/instrregister.v
    Info (12023): Found entity 1: instrRegister
Info (12021): Found 1 design units, including 1 entities, in source file /users/arthu/onedrive/documentos/Área de trabalho/engenharia de computação quarto período/laboratório de arquitetura e organização de computadores ii/tp3 laoc ii/el-tomasulo/src/register-file.v
    Info (12023): Found entity 1: registerFile
Info (12021): Found 1 design units, including 1 entities, in source file /users/arthu/onedrive/documentos/Área de trabalho/engenharia de computação quarto período/laboratório de arquitetura e organização de computadores ii/tp3 laoc ii/el-tomasulo/src/ua.v
    Info (12023): Found entity 1: UA
Info (12127): Elaborating entity "tomasulim" for the top level hierarchy
Warning (10240): Verilog HDL Always Construct warning at tomasulim.v(33): inferring latch(es) for variable "start", which holds its previous value in one or more paths through the always construct
Warning (10240): Verilog HDL Always Construct warning at tomasulim.v(33): inferring latch(es) for variable "dataW", which holds its previous value in one or more paths through the always construct
Info (10041): Inferred latch for "dataW[0]" at tomasulim.v(47)
Info (10041): Inferred latch for "dataW[1]" at tomasulim.v(47)
Info (10041): Inferred latch for "dataW[2]" at tomasulim.v(47)
Info (10041): Inferred latch for "dataW[3]" at tomasulim.v(47)
Info (10041): Inferred latch for "dataW[4]" at tomasulim.v(47)
Info (10041): Inferred latch for "dataW[5]" at tomasulim.v(47)
Info (10041): Inferred latch for "dataW[6]" at tomasulim.v(47)
Info (10041): Inferred latch for "dataW[7]" at tomasulim.v(47)
Info (10041): Inferred latch for "dataW[8]" at tomasulim.v(47)
Info (10041): Inferred latch for "dataW[9]" at tomasulim.v(47)
Info (10041): Inferred latch for "dataW[10]" at tomasulim.v(47)
Info (10041): Inferred latch for "dataW[11]" at tomasulim.v(47)
Info (10041): Inferred latch for "dataW[12]" at tomasulim.v(47)
Info (10041): Inferred latch for "dataW[13]" at tomasulim.v(47)
Info (10041): Inferred latch for "dataW[14]" at tomasulim.v(47)
Info (10041): Inferred latch for "dataW[15]" at tomasulim.v(47)
Info (12128): Elaborating entity "ram1pm" for hierarchy "ram1pm:instrUnit"
Info (12128): Elaborating entity "altsyncram" for hierarchy "ram1pm:instrUnit|altsyncram:altsyncram_component"
Info (12130): Elaborated megafunction instantiation "ram1pm:instrUnit|altsyncram:altsyncram_component"
Info (12133): Instantiated megafunction "ram1pm:instrUnit|altsyncram:altsyncram_component" with the following parameter:
    Info (12134): Parameter "clock_enable_input_a" = "BYPASS"
    Info (12134): Parameter "clock_enable_output_a" = "BYPASS"
    Info (12134): Parameter "init_file" = "memory.mif"
    Info (12134): Parameter "intended_device_family" = "Cyclone II"
    Info (12134): Parameter "lpm_hint" = "ENABLE_RUNTIME_MOD=NO"
    Info (12134): Parameter "lpm_type" = "altsyncram"
    Info (12134): Parameter "numwords_a" = "32"
    Info (12134): Parameter "operation_mode" = "SINGLE_PORT"
    Info (12134): Parameter "outdata_aclr_a" = "NONE"
    Info (12134): Parameter "outdata_reg_a" = "UNREGISTERED"
    Info (12134): Parameter "power_up_uninitialized" = "FALSE"
    Info (12134): Parameter "ram_block_type" = "M4K"
    Info (12134): Parameter "widthad_a" = "5"
    Info (12134): Parameter "width_a" = "16"
    Info (12134): Parameter "width_byteena_a" = "1"
Info (12021): Found 1 design units, including 1 entities, in source file db/altsyncram_jpe1.tdf
    Info (12023): Found entity 1: altsyncram_jpe1
Info (12128): Elaborating entity "altsyncram_jpe1" for hierarchy "ram1pm:instrUnit|altsyncram:altsyncram_component|altsyncram_jpe1:auto_generated"
Info (12128): Elaborating entity "programCounter" for hierarchy "programCounter:pc"
Info (12128): Elaborating entity "instrQueue" for hierarchy "instrQueue:iq"
Info (12128): Elaborating entity "instrRegister" for hierarchy "instrRegister:IR"
Info (12128): Elaborating entity "registerFile" for hierarchy "registerFile:RF"
Info (12128): Elaborating entity "ASRS" for hierarchy "ASRS:Est1"
Warning (12011): Net is missing source, defaulting to GND
    Warning (12110): Net "confirma" is missing source, defaulting to GND
    Warning (12110): Net "CDB[18]" is missing source, defaulting to GND
    Warning (12110): Net "CDB[17]" is missing source, defaulting to GND
    Warning (12110): Net "CDB[16]" is missing source, defaulting to GND
    Warning (12110): Net "CDB[15]" is missing source, defaulting to GND
    Warning (12110): Net "CDB[14]" is missing source, defaulting to GND
    Warning (12110): Net "CDB[13]" is missing source, defaulting to GND
    Warning (12110): Net "CDB[12]" is missing source, defaulting to GND
    Warning (12110): Net "CDB[11]" is missing source, defaulting to GND
    Warning (12110): Net "CDB[10]" is missing source, defaulting to GND
    Warning (12110): Net "CDB[9]" is missing source, defaulting to GND
    Warning (12110): Net "CDB[8]" is missing source, defaulting to GND
    Warning (12110): Net "CDB[7]" is missing source, defaulting to GND
    Warning (12110): Net "CDB[6]" is missing source, defaulting to GND
    Warning (12110): Net "CDB[5]" is missing source, defaulting to GND
    Warning (12110): Net "CDB[4]" is missing source, defaulting to GND
    Warning (12110): Net "CDB[3]" is missing source, defaulting to GND
    Warning (12110): Net "CDB[2]" is missing source, defaulting to GND
    Warning (12110): Net "CDB[1]" is missing source, defaulting to GND
    Warning (12110): Net "CDB[0]" is missing source, defaulting to GND
Warning (12011): Net is missing source, defaulting to GND
    Warning (12110): Net "confirma" is missing source, defaulting to GND
    Warning (12110): Net "CDB[18]" is missing source, defaulting to GND
    Warning (12110): Net "CDB[17]" is missing source, defaulting to GND
    Warning (12110): Net "CDB[16]" is missing source, defaulting to GND
    Warning (12110): Net "CDB[15]" is missing source, defaulting to GND
    Warning (12110): Net "CDB[14]" is missing source, defaulting to GND
    Warning (12110): Net "CDB[13]" is missing source, defaulting to GND
    Warning (12110): Net "CDB[12]" is missing source, defaulting to GND
    Warning (12110): Net "CDB[11]" is missing source, defaulting to GND
    Warning (12110): Net "CDB[10]" is missing source, defaulting to GND
    Warning (12110): Net "CDB[9]" is missing source, defaulting to GND
    Warning (12110): Net "CDB[8]" is missing source, defaulting to GND
    Warning (12110): Net "CDB[7]" is missing source, defaulting to GND
    Warning (12110): Net "CDB[6]" is missing source, defaulting to GND
    Warning (12110): Net "CDB[5]" is missing source, defaulting to GND
    Warning (12110): Net "CDB[4]" is missing source, defaulting to GND
    Warning (12110): Net "CDB[3]" is missing source, defaulting to GND
    Warning (12110): Net "CDB[2]" is missing source, defaulting to GND
    Warning (12110): Net "CDB[1]" is missing source, defaulting to GND
    Warning (12110): Net "CDB[0]" is missing source, defaulting to GND
Warning (12011): Net is missing source, defaulting to GND
    Warning (12110): Net "confirma" is missing source, defaulting to GND
    Warning (12110): Net "CDB[18]" is missing source, defaulting to GND
    Warning (12110): Net "CDB[17]" is missing source, defaulting to GND
    Warning (12110): Net "CDB[16]" is missing source, defaulting to GND
    Warning (12110): Net "CDB[15]" is missing source, defaulting to GND
    Warning (12110): Net "CDB[14]" is missing source, defaulting to GND
    Warning (12110): Net "CDB[13]" is missing source, defaulting to GND
    Warning (12110): Net "CDB[12]" is missing source, defaulting to GND
    Warning (12110): Net "CDB[11]" is missing source, defaulting to GND
    Warning (12110): Net "CDB[10]" is missing source, defaulting to GND
    Warning (12110): Net "CDB[9]" is missing source, defaulting to GND
    Warning (12110): Net "CDB[8]" is missing source, defaulting to GND
    Warning (12110): Net "CDB[7]" is missing source, defaulting to GND
    Warning (12110): Net "CDB[6]" is missing source, defaulting to GND
    Warning (12110): Net "CDB[5]" is missing source, defaulting to GND
    Warning (12110): Net "CDB[4]" is missing source, defaulting to GND
    Warning (12110): Net "CDB[3]" is missing source, defaulting to GND
    Warning (12110): Net "CDB[2]" is missing source, defaulting to GND
    Warning (12110): Net "CDB[1]" is missing source, defaulting to GND
    Warning (12110): Net "CDB[0]" is missing source, defaulting to GND
Warning (12011): Net is missing source, defaulting to GND
    Warning (12110): Net "confirma" is missing source, defaulting to GND
    Warning (12110): Net "CDB[18]" is missing source, defaulting to GND
    Warning (12110): Net "CDB[17]" is missing source, defaulting to GND
    Warning (12110): Net "CDB[16]" is missing source, defaulting to GND
    Warning (12110): Net "CDB[15]" is missing source, defaulting to GND
    Warning (12110): Net "CDB[14]" is missing source, defaulting to GND
    Warning (12110): Net "CDB[13]" is missing source, defaulting to GND
    Warning (12110): Net "CDB[12]" is missing source, defaulting to GND
    Warning (12110): Net "CDB[11]" is missing source, defaulting to GND
    Warning (12110): Net "CDB[10]" is missing source, defaulting to GND
    Warning (12110): Net "CDB[9]" is missing source, defaulting to GND
    Warning (12110): Net "CDB[8]" is missing source, defaulting to GND
    Warning (12110): Net "CDB[7]" is missing source, defaulting to GND
    Warning (12110): Net "CDB[6]" is missing source, defaulting to GND
    Warning (12110): Net "CDB[5]" is missing source, defaulting to GND
    Warning (12110): Net "CDB[4]" is missing source, defaulting to GND
    Warning (12110): Net "CDB[3]" is missing source, defaulting to GND
    Warning (12110): Net "CDB[2]" is missing source, defaulting to GND
    Warning (12110): Net "CDB[1]" is missing source, defaulting to GND
    Warning (12110): Net "CDB[0]" is missing source, defaulting to GND
Warning (12011): Net is missing source, defaulting to GND
    Warning (12110): Net "confirma" is missing source, defaulting to GND
    Warning (12110): Net "CDB[18]" is missing source, defaulting to GND
    Warning (12110): Net "CDB[17]" is missing source, defaulting to GND
    Warning (12110): Net "CDB[16]" is missing source, defaulting to GND
    Warning (12110): Net "CDB[15]" is missing source, defaulting to GND
    Warning (12110): Net "CDB[14]" is missing source, defaulting to GND
    Warning (12110): Net "CDB[13]" is missing source, defaulting to GND
    Warning (12110): Net "CDB[12]" is missing source, defaulting to GND
    Warning (12110): Net "CDB[11]" is missing source, defaulting to GND
    Warning (12110): Net "CDB[10]" is missing source, defaulting to GND
    Warning (12110): Net "CDB[9]" is missing source, defaulting to GND
    Warning (12110): Net "CDB[8]" is missing source, defaulting to GND
    Warning (12110): Net "CDB[7]" is missing source, defaulting to GND
    Warning (12110): Net "CDB[6]" is missing source, defaulting to GND
    Warning (12110): Net "CDB[5]" is missing source, defaulting to GND
    Warning (12110): Net "CDB[4]" is missing source, defaulting to GND
    Warning (12110): Net "CDB[3]" is missing source, defaulting to GND
    Warning (12110): Net "CDB[2]" is missing source, defaulting to GND
    Warning (12110): Net "CDB[1]" is missing source, defaulting to GND
    Warning (12110): Net "CDB[0]" is missing source, defaulting to GND
Warning (12011): Net is missing source, defaulting to GND
    Warning (12110): Net "confirma" is missing source, defaulting to GND
    Warning (12110): Net "CDB[18]" is missing source, defaulting to GND
    Warning (12110): Net "CDB[17]" is missing source, defaulting to GND
    Warning (12110): Net "CDB[16]" is missing source, defaulting to GND
    Warning (12110): Net "CDB[15]" is missing source, defaulting to GND
    Warning (12110): Net "CDB[14]" is missing source, defaulting to GND
    Warning (12110): Net "CDB[13]" is missing source, defaulting to GND
    Warning (12110): Net "CDB[12]" is missing source, defaulting to GND
    Warning (12110): Net "CDB[11]" is missing source, defaulting to GND
    Warning (12110): Net "CDB[10]" is missing source, defaulting to GND
    Warning (12110): Net "CDB[9]" is missing source, defaulting to GND
    Warning (12110): Net "CDB[8]" is missing source, defaulting to GND
    Warning (12110): Net "CDB[7]" is missing source, defaulting to GND
    Warning (12110): Net "CDB[6]" is missing source, defaulting to GND
    Warning (12110): Net "CDB[5]" is missing source, defaulting to GND
    Warning (12110): Net "CDB[4]" is missing source, defaulting to GND
    Warning (12110): Net "CDB[3]" is missing source, defaulting to GND
    Warning (12110): Net "CDB[2]" is missing source, defaulting to GND
    Warning (12110): Net "CDB[1]" is missing source, defaulting to GND
    Warning (12110): Net "CDB[0]" is missing source, defaulting to GND
Warning (14284): Synthesized away the following node(s):
    Warning (14285): Synthesized away the following RAM node(s):
        Warning (14320): Synthesized away node "ram1pm:instrUnit|altsyncram:altsyncram_component|altsyncram_jpe1:auto_generated|q_a[0]"
        Warning (14320): Synthesized away node "ram1pm:instrUnit|altsyncram:altsyncram_component|altsyncram_jpe1:auto_generated|q_a[1]"
        Warning (14320): Synthesized away node "ram1pm:instrUnit|altsyncram:altsyncram_component|altsyncram_jpe1:auto_generated|q_a[2]"
        Warning (14320): Synthesized away node "ram1pm:instrUnit|altsyncram:altsyncram_component|altsyncram_jpe1:auto_generated|q_a[9]"
        Warning (14320): Synthesized away node "ram1pm:instrUnit|altsyncram:altsyncram_component|altsyncram_jpe1:auto_generated|q_a[10]"
        Warning (14320): Synthesized away node "ram1pm:instrUnit|altsyncram:altsyncram_component|altsyncram_jpe1:auto_generated|q_a[11]"
        Warning (14320): Synthesized away node "ram1pm:instrUnit|altsyncram:altsyncram_component|altsyncram_jpe1:auto_generated|q_a[12]"
        Warning (14320): Synthesized away node "ram1pm:instrUnit|altsyncram:altsyncram_component|altsyncram_jpe1:auto_generated|q_a[13]"
        Warning (14320): Synthesized away node "ram1pm:instrUnit|altsyncram:altsyncram_component|altsyncram_jpe1:auto_generated|q_a[14]"
        Warning (14320): Synthesized away node "ram1pm:instrUnit|altsyncram:altsyncram_component|altsyncram_jpe1:auto_generated|q_a[15]"
Info (276014): Found 1 instances of uninferred RAM logic
    Info (276004): RAM logic "instrQueue:iq|instrs" is uninferred due to inappropriate RAM size
Warning (14284): Synthesized away the following node(s):
    Warning (14285): Synthesized away the following RAM node(s):
        Warning (14320): Synthesized away node "ram1pm:instrUnit|altsyncram:altsyncram_component|altsyncram_jpe1:auto_generated|q_a[3]"
        Warning (14320): Synthesized away node "ram1pm:instrUnit|altsyncram:altsyncram_component|altsyncram_jpe1:auto_generated|q_a[4]"
        Warning (14320): Synthesized away node "ram1pm:instrUnit|altsyncram:altsyncram_component|altsyncram_jpe1:auto_generated|q_a[5]"
        Warning (14320): Synthesized away node "ram1pm:instrUnit|altsyncram:altsyncram_component|altsyncram_jpe1:auto_generated|q_a[6]"
        Warning (14320): Synthesized away node "ram1pm:instrUnit|altsyncram:altsyncram_component|altsyncram_jpe1:auto_generated|q_a[7]"
        Warning (14320): Synthesized away node "ram1pm:instrUnit|altsyncram:altsyncram_component|altsyncram_jpe1:auto_generated|q_a[8]"
Info (17049): 131 registers lost all their fanouts during netlist optimizations.
Info (16010): Generating hard_block partition "hard_block:auto_generated_inst"
    Info (16011): Adding 0 node(s), including 0 DDIO, 0 PLL, 0 transceiver and 0 LCELL
Warning (21074): Design contains 2 input pin(s) that do not drive logic
    Warning (15610): No output dependent on input pin "CLK"
    Warning (15610): No output dependent on input pin "CLR"
Info (21057): Implemented 2 device resources after synthesis - the final resource count might be different
    Info (21058): Implemented 2 input pins
    Info (21059): Implemented 0 output pins
Info: Quartus II 64-Bit Analysis & Synthesis was successful. 0 errors, 152 warnings
    Info: Peak virtual memory: 4639 megabytes
    Info: Processing ended: Fri Oct 12 10:55:25 2018
    Info: Elapsed time: 00:00:01
    Info: Total CPU time (on all processors): 00:00:02


